
============================================================
[AUTOMATED MAIL / SMS] - Sent at 2026-03-29 16:25:43
To: Ramesh Kumar Sharma | Email: adarsh1098mishra@gmail.com | Phone: 748206866
From: no-reply@mediparse.ai
Subject: MediParse AI - Insurance Claim Settled!

Dear Ramesh Kumar Sharma,

We are pleased to inform you that your insurance claim has been fully settled by the TPA.
The payment of ₹22000 has been processed successfully to the hospital.

Details of Settlement:
- UTR Number: 43169784651986541
- Transaction Date: 2026-02-12
- Total Final Paid Amount: ₹22000

Thank you for using the MediParse AI Platform for a seamless health insurance experience.
============================================================


============================================================
[AUTOMATED MAIL / SMS] - Sent at 2026-03-29 16:25:58
To: Test User | Email: test@example.com | Phone: 1234567890
From: no-reply@mediparse.ai
Subject: MediParse AI - Insurance Claim Settled!

Dear Test User,

We are pleased to inform you that your insurance claim has been fully settled by the TPA.
The payment of ₹23500 has been processed successfully to the hospital.

Details of Settlement:
- UTR Number: UTR12345
- Transaction Date: 
- Total Final Paid Amount: ₹23500

Thank you for using the MediParse AI Platform for a seamless health insurance experience.
============================================================


============================================================
[AUTOMATED MAIL / SMS] - Sent at 2026-03-29 17:12:21
To: adarsh kumar | Email: adarsh22mishra@gmail.com | Phone: 65468645164
From: no-reply@mediparse.ai
Subject: MediParse AI - Insurance Claim Settled!

Dear adarsh kumar,

We are pleased to inform you that your insurance claim has been fully settled by the TPA.
The payment of ₹24000 has been processed successfully to the hospital.

Details of Settlement:
- UTR Number: 4654654653152
- Transaction Date: 2026-02-12
- Total Final Paid Amount: ₹24000

Thank you for using the MediParse AI Platform for a seamless health insurance experience.
============================================================


============================================================
[AUTOMATED MAIL / SMS] - Sent at 2026-03-29 23:20:40
To: krishna jha | Email: adarsh1098mishra@gmail.com | Phone: 5415651651
From: no-reply@mediparse.ai
Subject: MediParse AI - Insurance Claim Settled!

Dear krishna jha,

We are pleased to inform you that your insurance claim has been fully settled by the TPA.
The payment of ₹120 has been processed successfully to the hospital.

Details of Settlement:
- UTR Number: 1658465161
- Transaction Date: 2026-02-12
- Total Final Paid Amount: ₹120

Thank you for using the MediParse AI Platform for a seamless health insurance experience.
============================================================


============================================================
[AUTOMATED MAIL / SMS] - Sent at 2026-04-01 10:31:18
To: krishna jha | Email: adarsh1098mishra@gmail.com | Phone: 5415651651
From: no-reply@mediparse.ai
Subject: MediParse AI - Insurance Claim Settled!

Dear krishna jha,

We are pleased to inform you that your insurance claim has been fully settled by the TPA.
The payment of ₹275 has been processed successfully to the hospital.

Details of Settlement:
- UTR Number: 65485163465816
- Transaction Date: 2026-02-12
- Total Final Paid Amount: ₹275

Thank you for using the MediParse AI Platform for a seamless health insurance experience.
============================================================


============================================================
[AUTOMATED MAIL / SMS] - Sent at 2026-04-01 14:44:40
To: Aman kumar | Email: adarsh1098mishra@gmail.com | Phone: 5415651651
From: no-reply@mediparse.ai
Subject: MediParse AI - Insurance Claim Settled!

Dear Aman kumar,

We are pleased to inform you that your insurance claim has been fully settled by the TPA.
The payment of ₹7500 has been processed successfully to the hospital.

Details of Settlement:
- UTR Number: 265216984651
- Transaction Date: 2026-03-22
- Total Final Paid Amount: ₹7500

Thank you for using the MediParse AI Platform for a seamless health insurance experience.
============================================================

